13:19:49  [main] 	Initializing Control Panel
13:19:49  [main] 	Windows Version:  Home  64-bit
13:19:49  [main] 	XAMPP Version: 7.3.2
13:19:49  [main] 	Control Panel Version: 3.2.3  [ Compiled: Mar 7th 2019 ]
13:19:49  [main] 	You are not running with administrator rights! This will work for
13:19:49  [main] 	most application stuff but whenever you do something with services
13:19:49  [main] 	there will be a security dialogue or things will break! So think 
13:19:49  [main] 	about running this application with administrator rights!
13:19:49  [main] 	XAMPP Installation Directory: "c:\xampp\"
13:19:49  [main] 	Checking for prerequisites
13:19:49  [main] 	All prerequisites found
13:19:49  [main] 	Initializing Modules
13:19:49  [Apache] 	XAMPP Apache is already running on port 80
13:19:49  [Apache] 	XAMPP Apache is already running on port 443
13:19:49  [mysql] 	XAMPP MySQL is already running on port 3306
13:19:49  [main] 	Starting Check-Timer
13:19:49  [main] 	Control Panel Ready
13:20:07  [Apache] 	Attempting to stop Apache (PID: 7036)
13:20:07  [Apache] 	Attempting to stop Apache (PID: 1680)
13:20:07  [Apache] 	Status change detected: stopped
13:20:08  [mysql] 	Attempting to stop MySQL app...
13:20:08  [mysql] 	Status change detected: stopped
13:20:10  [Apache] 	Attempting to start Apache app...
13:20:10  [Apache] 	Status change detected: running
13:20:11  [mysql] 	Attempting to start MySQL app...
13:20:11  [mysql] 	Status change detected: running
13:24:50  [Apache] 	Status change detected: stopped
13:24:50  [Apache] 	Error: Apache shutdown unexpectedly.
13:24:50  [Apache] 	This may be due to a blocked port, missing dependencies, 
13:24:50  [Apache] 	improper privileges, a crash, or a shutdown by another method.
13:24:50  [Apache] 	Press the Logs button to view error logs and check
13:24:50  [Apache] 	the Windows Event Viewer for more clues
13:24:50  [Apache] 	If you need more help, copy and post this
13:24:50  [Apache] 	entire log window on the forums
13:24:51  [mysql] 	Status change detected: stopped
13:24:51  [mysql] 	Error: MySQL shutdown unexpectedly.
13:24:51  [mysql] 	This may be due to a blocked port, missing dependencies, 
13:24:51  [mysql] 	improper privileges, a crash, or a shutdown by another method.
13:24:51  [mysql] 	Press the Logs button to view error logs and check
13:24:51  [mysql] 	the Windows Event Viewer for more clues
13:24:51  [mysql] 	If you need more help, copy and post this
13:24:51  [mysql] 	entire log window on the forums
13:24:52  [Apache] 	Status change detected: running
13:24:55  [mysql] 	Status change detected: running
14:45:35  [Apache] 	Status change detected: stopped
14:45:35  [Apache] 	Error: Apache shutdown unexpectedly.
14:45:35  [Apache] 	This may be due to a blocked port, missing dependencies, 
14:45:35  [Apache] 	improper privileges, a crash, or a shutdown by another method.
14:45:35  [Apache] 	Press the Logs button to view error logs and check
14:45:35  [Apache] 	the Windows Event Viewer for more clues
14:45:35  [Apache] 	If you need more help, copy and post this
14:45:35  [Apache] 	entire log window on the forums
14:45:36  [mysql] 	Status change detected: stopped
14:45:36  [mysql] 	Error: MySQL shutdown unexpectedly.
14:45:36  [mysql] 	This may be due to a blocked port, missing dependencies, 
14:45:36  [mysql] 	improper privileges, a crash, or a shutdown by another method.
14:45:36  [mysql] 	Press the Logs button to view error logs and check
14:45:36  [mysql] 	the Windows Event Viewer for more clues
14:45:36  [mysql] 	If you need more help, copy and post this
14:45:36  [mysql] 	entire log window on the forums
14:45:44  [Apache] 	Status change detected: running
14:45:46  [mysql] 	Status change detected: running
14:57:15  [Apache] 	Status change detected: stopped
14:57:15  [Apache] 	Error: Apache shutdown unexpectedly.
14:57:15  [Apache] 	This may be due to a blocked port, missing dependencies, 
14:57:15  [Apache] 	improper privileges, a crash, or a shutdown by another method.
14:57:15  [Apache] 	Press the Logs button to view error logs and check
14:57:15  [Apache] 	the Windows Event Viewer for more clues
14:57:15  [Apache] 	If you need more help, copy and post this
14:57:15  [Apache] 	entire log window on the forums
14:57:16  [mysql] 	Status change detected: stopped
14:57:16  [mysql] 	Error: MySQL shutdown unexpectedly.
14:57:16  [mysql] 	This may be due to a blocked port, missing dependencies, 
14:57:16  [mysql] 	improper privileges, a crash, or a shutdown by another method.
14:57:16  [mysql] 	Press the Logs button to view error logs and check
14:57:16  [mysql] 	the Windows Event Viewer for more clues
14:57:16  [mysql] 	If you need more help, copy and post this
14:57:16  [mysql] 	entire log window on the forums
14:58:05  [Apache] 	Status change detected: running
14:58:06  [mysql] 	Status change detected: running
15:01:05  [main] 	Deinitializing Modules
15:01:05  [main] 	Deinitializing Control Panel

14:44:47  [main] 	Initializing Control Panel
14:44:47  [main] 	Windows Version:  Home  64-bit
14:44:47  [main] 	XAMPP Version: 7.3.2
14:44:47  [main] 	Control Panel Version: 3.2.3  [ Compiled: Mar 7th 2019 ]
14:44:47  [main] 	You are not running with administrator rights! This will work for
14:44:47  [main] 	most application stuff but whenever you do something with services
14:44:47  [main] 	there will be a security dialogue or things will break! So think 
14:44:47  [main] 	about running this application with administrator rights!
14:44:47  [main] 	XAMPP Installation Directory: "c:\xampp\"
14:44:47  [main] 	Checking for prerequisites
14:44:47  [main] 	All prerequisites found
14:44:47  [main] 	Initializing Modules
14:44:47  [Apache] 	XAMPP Apache is already running on port 80
14:44:47  [Apache] 	XAMPP Apache is already running on port 443
14:44:47  [mysql] 	XAMPP MySQL is already running on port 3306
14:44:47  [main] 	Starting Check-Timer
14:44:47  [main] 	Control Panel Ready
14:45:35  [Apache] 	Attempting to stop Apache (PID: 15296)
14:45:35  [Apache] 	Attempting to stop Apache (PID: 15068)
14:45:35  [Apache] 	Status change detected: stopped
14:45:36  [mysql] 	Attempting to stop MySQL app...
14:45:36  [mysql] 	Status change detected: stopped
14:45:44  [Apache] 	Status change detected: running
14:45:46  [mysql] 	Status change detected: running
14:57:15  [Apache] 	Status change detected: stopped
14:57:16  [mysql] 	Status change detected: stopped
14:58:05  [Apache] 	Status change detected: running
14:58:06  [mysql] 	Status change detected: running
15:01:05  [main] 	Deinitializing Modules
15:01:05  [main] 	Deinitializing Control Panel

14:49:21  [main] 	Initializing Control Panel
14:49:21  [main] 	Windows Version:  Home  64-bit
14:49:21  [main] 	XAMPP Version: 7.3.2
14:49:21  [main] 	Control Panel Version: 3.2.3  [ Compiled: Mar 7th 2019 ]
14:49:21  [main] 	You are not running with administrator rights! This will work for
14:49:21  [main] 	most application stuff but whenever you do something with services
14:49:21  [main] 	there will be a security dialogue or things will break! So think 
14:49:21  [main] 	about running this application with administrator rights!
14:49:21  [main] 	XAMPP Installation Directory: "c:\xampp\"
14:49:21  [main] 	Checking for prerequisites
14:49:21  [main] 	All prerequisites found
14:49:21  [main] 	Initializing Modules
14:49:21  [Apache] 	XAMPP Apache is already running on port 80
14:49:21  [Apache] 	XAMPP Apache is already running on port 443
14:49:21  [mysql] 	XAMPP MySQL is already running on port 3306
14:49:21  [main] 	Starting Check-Timer
14:49:21  [main] 	Control Panel Ready
14:57:15  [Apache] 	Status change detected: stopped
14:57:15  [Apache] 	Error: Apache shutdown unexpectedly.
14:57:15  [Apache] 	This may be due to a blocked port, missing dependencies, 
14:57:15  [Apache] 	improper privileges, a crash, or a shutdown by another method.
14:57:15  [Apache] 	Press the Logs button to view error logs and check
14:57:15  [Apache] 	the Windows Event Viewer for more clues
14:57:15  [Apache] 	If you need more help, copy and post this
14:57:15  [Apache] 	entire log window on the forums
14:57:16  [mysql] 	Status change detected: stopped
14:57:16  [mysql] 	Error: MySQL shutdown unexpectedly.
14:57:16  [mysql] 	This may be due to a blocked port, missing dependencies, 
14:57:16  [mysql] 	improper privileges, a crash, or a shutdown by another method.
14:57:16  [mysql] 	Press the Logs button to view error logs and check
14:57:16  [mysql] 	the Windows Event Viewer for more clues
14:57:16  [mysql] 	If you need more help, copy and post this
14:57:16  [mysql] 	entire log window on the forums
14:58:05  [Apache] 	Status change detected: running
14:58:06  [mysql] 	Status change detected: running
15:01:05  [Apache] 	Status change detected: stopped
15:01:05  [Apache] 	Error: Apache shutdown unexpectedly.
15:01:05  [Apache] 	This may be due to a blocked port, missing dependencies, 
15:01:05  [Apache] 	improper privileges, a crash, or a shutdown by another method.
15:01:05  [Apache] 	Press the Logs button to view error logs and check
15:01:05  [Apache] 	the Windows Event Viewer for more clues
15:01:05  [Apache] 	If you need more help, copy and post this
15:01:05  [Apache] 	entire log window on the forums
15:01:05  [mysql] 	Status change detected: stopped
15:01:05  [mysql] 	Error: MySQL shutdown unexpectedly.
15:01:06  [mysql] 	This may be due to a blocked port, missing dependencies, 
15:01:06  [mysql] 	improper privileges, a crash, or a shutdown by another method.
15:01:06  [mysql] 	Press the Logs button to view error logs and check
15:01:06  [mysql] 	the Windows Event Viewer for more clues
15:01:06  [mysql] 	If you need more help, copy and post this
15:01:06  [mysql] 	entire log window on the forums
15:01:06  [main] 	Deinitializing Modules
15:01:06  [main] 	Deinitializing Control Panel

11:53:45  [main] 	Initializing Control Panel
11:53:46  [main] 	Windows Version:  Home  64-bit
11:53:46  [main] 	XAMPP Version: 7.3.2
11:53:46  [main] 	Control Panel Version: 3.2.3  [ Compiled: Mar 7th 2019 ]
11:53:46  [main] 	You are not running with administrator rights! This will work for
11:53:46  [main] 	most application stuff but whenever you do something with services
11:53:46  [main] 	there will be a security dialogue or things will break! So think 
11:53:46  [main] 	about running this application with administrator rights!
11:53:46  [main] 	XAMPP Installation Directory: "c:\xampp\"
11:53:46  [main] 	Checking for prerequisites
11:53:48  [main] 	All prerequisites found
11:53:48  [main] 	Initializing Modules
11:53:48  [main] 	Starting Check-Timer
11:53:48  [main] 	Control Panel Ready
11:54:50  [main] 	Deinitializing Modules
11:54:50  [main] 	Deinitializing Control Panel

09:23:24  [main] 	Initializing Control Panel
09:23:24  [main] 	Windows Version:  Home  64-bit
09:23:24  [main] 	XAMPP Version: 7.3.2
09:23:24  [main] 	Control Panel Version: 3.2.3  [ Compiled: Mar 7th 2019 ]
09:23:24  [main] 	You are not running with administrator rights! This will work for
09:23:24  [main] 	most application stuff but whenever you do something with services
09:23:24  [main] 	there will be a security dialogue or things will break! So think 
09:23:24  [main] 	about running this application with administrator rights!
09:23:24  [main] 	XAMPP Installation Directory: "c:\xampp\"
09:23:24  [main] 	Checking for prerequisites
09:23:24  [main] 	All prerequisites found
09:23:24  [main] 	Initializing Modules
09:23:24  [Apache] 	XAMPP Apache is already running on port 80
09:23:24  [Apache] 	XAMPP Apache is already running on port 443
09:23:24  [mysql] 	XAMPP MySQL is already running on port 3306
09:23:24  [main] 	Starting Check-Timer
09:23:24  [main] 	Control Panel Ready
09:23:26  [Apache] 	Attempting to stop Apache (PID: 16392)
09:23:26  [Apache] 	Attempting to stop Apache (PID: 5456)
09:23:26  [Apache] 	Status change detected: stopped
09:23:27  [mysql] 	Attempting to stop MySQL app...
09:23:27  [mysql] 	Status change detected: stopped
09:23:59  [Apache] 	Status change detected: running
09:24:00  [mysql] 	Status change detected: running
09:36:12  [Apache] 	Status change detected: stopped
09:36:13  [mysql] 	Status change detected: stopped
09:41:40  [Apache] 	Status change detected: running
09:41:45  [mysql] 	Status change detected: running
10:04:15  [Apache] 	Status change detected: stopped
10:04:16  [mysql] 	Status change detected: stopped
10:36:57  [main] 	Deinitializing Modules
10:36:57  [main] 	Deinitializing Control Panel

22:21:43  [main] 	Initializing Control Panel
22:21:43  [main] 	Windows Version:  Home  64-bit
22:21:43  [main] 	XAMPP Version: 7.3.2
22:21:43  [main] 	Control Panel Version: 3.2.3  [ Compiled: Mar 7th 2019 ]
22:21:43  [main] 	You are not running with administrator rights! This will work for
22:21:43  [main] 	most application stuff but whenever you do something with services
22:21:43  [main] 	there will be a security dialogue or things will break! So think 
22:21:43  [main] 	about running this application with administrator rights!
22:21:43  [main] 	XAMPP Installation Directory: "c:\xampp\"
22:21:43  [main] 	Checking for prerequisites
22:21:43  [main] 	All prerequisites found
22:21:43  [main] 	Initializing Modules
22:21:43  [Apache] 	XAMPP Apache is already running on port 80
22:21:43  [Apache] 	XAMPP Apache is already running on port 443
22:21:43  [mysql] 	XAMPP MySQL is already running on port 3306
22:21:43  [main] 	Starting Check-Timer
22:21:43  [main] 	Control Panel Ready
22:32:17  [main] 	Deinitializing Modules
22:32:17  [main] 	Deinitializing Control Panel

12:00:01  [main] 	Initializing Control Panel
12:00:01  [main] 	Windows Version:  Home  64-bit
12:00:01  [main] 	XAMPP Version: 7.3.2
12:00:01  [main] 	Control Panel Version: 3.2.3  [ Compiled: Mar 7th 2019 ]
12:00:01  [main] 	You are not running with administrator rights! This will work for
12:00:01  [main] 	most application stuff but whenever you do something with services
12:00:01  [main] 	there will be a security dialogue or things will break! So think 
12:00:01  [main] 	about running this application with administrator rights!
12:00:01  [main] 	XAMPP Installation Directory: "c:\xampp\"
12:00:01  [main] 	Checking for prerequisites
12:00:03  [main] 	All prerequisites found
12:00:03  [main] 	Initializing Modules
12:00:03  [main] 	Starting Check-Timer
12:00:03  [main] 	Control Panel Ready
12:00:05  [Apache] 	Attempting to start Apache app...
12:00:05  [Apache] 	Status change detected: running
12:00:06  [mysql] 	Attempting to start MySQL app...
12:00:06  [mysql] 	Status change detected: running
12:12:39  [mysql] 	Attempting to stop MySQL app...
12:12:39  [mysql] 	Status change detected: stopped
12:12:42  [mysql] 	Attempting to start MySQL app...
12:12:42  [mysql] 	Status change detected: running
12:20:49  [main] 	Deinitializing Modules
12:20:49  [main] 	Deinitializing Control Panel

09:49:23  [main] 	Initializing Control Panel
09:49:23  [main] 	Windows Version:  Home  64-bit
09:49:23  [main] 	XAMPP Version: 7.3.2
09:49:23  [main] 	Control Panel Version: 3.2.3  [ Compiled: Mar 7th 2019 ]
09:49:23  [main] 	You are not running with administrator rights! This will work for
09:49:23  [main] 	most application stuff but whenever you do something with services
09:49:23  [main] 	there will be a security dialogue or things will break! So think 
09:49:23  [main] 	about running this application with administrator rights!
09:49:23  [main] 	XAMPP Installation Directory: "c:\xampp\"
09:49:23  [main] 	Checking for prerequisites
09:49:26  [main] 	All prerequisites found
09:49:26  [main] 	Initializing Modules
09:49:26  [main] 	Starting Check-Timer
09:49:26  [main] 	Control Panel Ready
09:49:28  [Apache] 	Attempting to start Apache app...
09:49:29  [Apache] 	Status change detected: running
09:49:29  [mysql] 	Attempting to start MySQL app...
09:49:30  [mysql] 	Status change detected: running
11:20:39  [mysql] 	Attempting to stop MySQL app...
11:20:40  [mysql] 	Status change detected: stopped
11:20:40  [Apache] 	Attempting to stop Apache (PID: 17584)
11:20:40  [Apache] 	Attempting to stop Apache (PID: 8784)
11:20:41  [Apache] 	Status change detected: stopped
14:02:41  [main] 	Deinitializing Modules
14:02:41  [main] 	Deinitializing Control Panel

09:10:09  [main] 	Initializing Control Panel
09:10:09  [main] 	Windows Version:  Home  64-bit
09:10:09  [main] 	XAMPP Version: 7.3.2
09:10:09  [main] 	Control Panel Version: 3.2.3  [ Compiled: Mar 7th 2019 ]
09:10:09  [main] 	You are not running with administrator rights! This will work for
09:10:09  [main] 	most application stuff but whenever you do something with services
09:10:09  [main] 	there will be a security dialogue or things will break! So think 
09:10:09  [main] 	about running this application with administrator rights!
09:10:09  [main] 	XAMPP Installation Directory: "c:\xampp\"
09:10:09  [main] 	Checking for prerequisites
09:10:11  [main] 	All prerequisites found
09:10:11  [main] 	Initializing Modules
09:10:11  [main] 	Starting Check-Timer
09:10:11  [main] 	Control Panel Ready
09:10:14  [Apache] 	Attempting to start Apache app...
09:10:14  [Apache] 	Status change detected: running
09:10:15  [mysql] 	Attempting to start MySQL app...
09:10:16  [mysql] 	Status change detected: running
09:58:06  [mysql] 	Attempting to stop MySQL app...
09:58:07  [mysql] 	Status change detected: stopped
09:58:07  [Apache] 	Attempting to stop Apache (PID: 3088)
09:58:07  [Apache] 	Attempting to stop Apache (PID: 15632)
09:58:07  [Apache] 	Status change detected: stopped
10:06:44  [main] 	Deinitializing Modules
10:06:44  [main] 	Deinitializing Control Panel

18:34:51  [main] 	Initializing Control Panel
18:34:51  [main] 	Windows Version:  Home  64-bit
18:34:51  [main] 	XAMPP Version: 7.3.2
18:34:51  [main] 	Control Panel Version: 3.2.3  [ Compiled: Mar 7th 2019 ]
18:34:51  [main] 	You are not running with administrator rights! This will work for
18:34:51  [main] 	most application stuff but whenever you do something with services
18:34:51  [main] 	there will be a security dialogue or things will break! So think 
18:34:51  [main] 	about running this application with administrator rights!
18:34:51  [main] 	XAMPP Installation Directory: "c:\xampp\"
18:34:51  [main] 	Checking for prerequisites
18:34:53  [main] 	All prerequisites found
18:34:53  [main] 	Initializing Modules
18:34:53  [main] 	Starting Check-Timer
18:34:53  [main] 	Control Panel Ready
18:34:55  [Apache] 	Attempting to start Apache app...
18:34:55  [Apache] 	Status change detected: running
18:34:57  [mysql] 	Attempting to start MySQL app...
18:34:57  [mysql] 	Status change detected: running
20:58:58  [Apache] 	Attempting to stop Apache (PID: 12000)
20:58:58  [Apache] 	Attempting to stop Apache (PID: 16144)
20:58:59  [Apache] 	Status change detected: stopped
20:58:59  [mysql] 	Attempting to stop MySQL app...
20:59:00  [mysql] 	Status change detected: stopped
21:05:44  [main] 	Deinitializing Modules
21:05:44  [main] 	Deinitializing Control Panel

18:40:00  [main] 	Initializing Control Panel
18:40:00  [main] 	Windows Version:  Home  64-bit
18:40:00  [main] 	XAMPP Version: 7.3.2
18:40:00  [main] 	Control Panel Version: 3.2.3  [ Compiled: Mar 7th 2019 ]
18:40:00  [main] 	You are not running with administrator rights! This will work for
18:40:00  [main] 	most application stuff but whenever you do something with services
18:40:00  [main] 	there will be a security dialogue or things will break! So think 
18:40:00  [main] 	about running this application with administrator rights!
18:40:00  [main] 	XAMPP Installation Directory: "c:\xampp\"
18:40:00  [main] 	Checking for prerequisites
18:40:00  [main] 	All prerequisites found
18:40:00  [main] 	Initializing Modules
18:40:00  [Apache] 	XAMPP Apache is already running on port 80
18:40:00  [Apache] 	XAMPP Apache is already running on port 443
18:40:00  [mysql] 	XAMPP MySQL is already running on port 3306
18:40:00  [main] 	Starting Check-Timer
18:40:00  [main] 	Control Panel Ready
20:58:59  [Apache] 	Status change detected: stopped
20:58:59  [Apache] 	Error: Apache shutdown unexpectedly.
20:58:59  [Apache] 	This may be due to a blocked port, missing dependencies, 
20:58:59  [Apache] 	improper privileges, a crash, or a shutdown by another method.
20:58:59  [Apache] 	Press the Logs button to view error logs and check
20:58:59  [Apache] 	the Windows Event Viewer for more clues
20:58:59  [Apache] 	If you need more help, copy and post this
20:58:59  [Apache] 	entire log window on the forums
20:59:00  [mysql] 	Status change detected: stopped
20:59:00  [mysql] 	Error: MySQL shutdown unexpectedly.
20:59:00  [mysql] 	This may be due to a blocked port, missing dependencies, 
20:59:00  [mysql] 	improper privileges, a crash, or a shutdown by another method.
20:59:00  [mysql] 	Press the Logs button to view error logs and check
20:59:00  [mysql] 	the Windows Event Viewer for more clues
20:59:00  [mysql] 	If you need more help, copy and post this
20:59:00  [mysql] 	entire log window on the forums
21:05:44  [main] 	Deinitializing Modules
21:05:44  [main] 	Deinitializing Control Panel

